<?xml version="1.0" encoding="UTF-8"?>
<!-- Generated by org.testng.reporters.JUnitReportReporter -->
<testsuite skipped="0" hostname="Lenovo" name="HelloFresh.RestApi$CountriesSearchTests" tests="3" failures="0" timestamp="18 Aug 2018 14:42:22 GMT" time="5.656" errors="0">
  <testcase name="verifyResponseUsingTheCodeDE" time="3.610" classname="HelloFresh.RestApi$CountriesSearchTests"/>
  <testcase name="verifyResponseUsingTheCodeGB" time="0.802" classname="HelloFresh.RestApi$CountriesSearchTests"/>
  <testcase name="verifyResponseUsingTheCodeUS" time="1.244" classname="HelloFresh.RestApi$CountriesSearchTests"/>
</testsuite> <!-- HelloFresh.RestApi$CountriesSearchTests -->
