<?xml version="1.0" encoding="UTF-8"?>
<!-- Generated by org.testng.reporters.JUnitReportReporter -->
<testsuite skipped="0" hostname="Lenovo" name="test.TestBasic" tests="3" failures="0" timestamp="07 Aug 2018 03:59:38 GMT" time="7.303" errors="0">
  <testcase name="VerifyPostIdSize" time="0.628" classname="test.TestBasic"/>
  <testcase name="VerifyElements" time="5.917" classname="test.TestBasic"/>
  <testcase name="testLogging" time="0.758" classname="test.TestBasic"/>
</testsuite> <!-- test.TestBasic -->
